[ERROR] 2025-05-13 14:58:54.818 [main] PackageRelationshipCollection - Cannot convert mailto:!@#$%^&* in a valid relationship URI-> dummy-URI used
java.net.URISyntaxException: Malformed escape pair at index 11: mailto:!@#$%^&*
	at java.net.URI$Parser.fail(URI.java:2995) ~[?:?]
	at java.net.URI$Parser.scanEscape(URI.java:3123) ~[?:?]
	at java.net.URI$Parser.scan(URI.java:3146) ~[?:?]
	at java.net.URI$Parser.checkChars(URI.java:3164) ~[?:?]
	at java.net.URI$Parser.parse(URI.java:3210) ~[?:?]
	at java.net.URI.<init>(URI.java:645) ~[?:?]
	at org.apache.poi.openxml4j.opc.PackagingURIHelper.toURI(PackagingURIHelper.java:723) ~[poi-ooxml-5.2.3.jar:5.2.3]
	at org.apache.poi.openxml4j.opc.PackageRelationshipCollection.parseRelationshipsPart(PackageRelationshipCollection.java:358) ~[poi-ooxml-5.2.3.jar:5.2.3]
	at org.apache.poi.openxml4j.opc.PackageRelationshipCollection.<init>(PackageRelationshipCollection.java:160) ~[poi-ooxml-5.2.3.jar:5.2.3]
	at org.apache.poi.openxml4j.opc.PackageRelationshipCollection.<init>(PackageRelationshipCollection.java:130) ~[poi-ooxml-5.2.3.jar:5.2.3]
	at org.apache.poi.openxml4j.opc.PackagePart.loadRelationships(PackagePart.java:565) ~[poi-ooxml-5.2.3.jar:5.2.3]
	at org.apache.poi.openxml4j.opc.OPCPackage.getParts(OPCPackage.java:751) ~[poi-ooxml-5.2.3.jar:5.2.3]
	at org.apache.poi.openxml4j.opc.OPCPackage.open(OPCPackage.java:322) ~[poi-ooxml-5.2.3.jar:5.2.3]
	at org.apache.poi.ooxml.util.PackageHelper.open(PackageHelper.java:59) ~[poi-ooxml-5.2.3.jar:5.2.3]
	at org.apache.poi.xssf.usermodel.XSSFWorkbook.<init>(XSSFWorkbook.java:290) ~[poi-ooxml-5.2.3.jar:5.2.3]
	at org.apache.poi.xssf.usermodel.XSSFWorkbook.<init>(XSSFWorkbook.java:286) ~[poi-ooxml-5.2.3.jar:5.2.3]
	at com.Utility.ExcelReader.getSheet(ExcelReader.java:23) ~[classes/:?]
	at com.Utility.ExcelReader.getdata(ExcelReader.java:29) ~[classes/:?]
	at com.Debenture_Interest_Payment_Transfer.AllScenarios_Debenture_Interest_Payment_Transfer.gettestdate(AllScenarios_Debenture_Interest_Payment_Transfer.java:122) ~[test-classes/:?]
	at jdk.internal.reflect.DirectMethodHandleAccessor.invoke(DirectMethodHandleAccessor.java:103) ~[?:?]
	at java.lang.reflect.Method.invoke(Method.java:580) ~[?:?]
	at org.testng.internal.invokers.MethodInvocationHelper.invokeMethod(MethodInvocationHelper.java:141) ~[org.testng_7.11.0.r202503091654.jar:7.11.0]
	at org.testng.internal.invokers.MethodInvocationHelper.invokeMethod(MethodInvocationHelper.java:86) ~[org.testng_7.11.0.r202503091654.jar:7.11.0]
	at org.testng.internal.invokers.MethodInvocationHelper.invokeMethodNoCheckedException(MethodInvocationHelper.java:54) ~[org.testng_7.11.0.r202503091654.jar:7.11.0]
	at org.testng.internal.invokers.MethodInvocationHelper.invokeDataProvider(MethodInvocationHelper.java:159) ~[org.testng_7.11.0.r202503091654.jar:7.11.0]
	at org.testng.internal.Parameters.handleParameters(Parameters.java:809) ~[org.testng_7.11.0.r202503091654.jar:7.11.0]
	at org.testng.internal.Parameters.handleParameters(Parameters.java:734) ~[org.testng_7.11.0.r202503091654.jar:7.11.0]
	at org.testng.internal.invokers.ParameterHandler.handleParameters(ParameterHandler.java:72) ~[org.testng_7.11.0.r202503091654.jar:7.11.0]
	at org.testng.internal.invokers.ParameterHandler.createParameters(ParameterHandler.java:51) ~[org.testng_7.11.0.r202503091654.jar:7.11.0]
	at org.testng.internal.invokers.TestInvoker$MethodInvocationAgent.invoke(TestInvoker.java:949) ~[org.testng_7.11.0.r202503091654.jar:7.11.0]
	at org.testng.internal.invokers.TestInvoker.invokeTestMethods(TestInvoker.java:203) ~[org.testng_7.11.0.r202503091654.jar:7.11.0]
	at org.testng.internal.invokers.TestMethodWorker.invokeTestMethods(TestMethodWorker.java:154) ~[org.testng_7.11.0.r202503091654.jar:7.11.0]
	at org.testng.internal.invokers.TestMethodWorker.run(TestMethodWorker.java:134) ~[org.testng_7.11.0.r202503091654.jar:7.11.0]
	at java.util.ArrayList.forEach(ArrayList.java:1596) [?:?]
	at org.testng.TestRunner.privateRun(TestRunner.java:741) [org.testng_7.11.0.r202503091654.jar:7.11.0]
	at org.testng.TestRunner.run(TestRunner.java:616) [org.testng_7.11.0.r202503091654.jar:7.11.0]
	at org.testng.SuiteRunner.runTest(SuiteRunner.java:421) [org.testng_7.11.0.r202503091654.jar:7.11.0]
	at org.testng.SuiteRunner.runSequentially(SuiteRunner.java:413) [org.testng_7.11.0.r202503091654.jar:7.11.0]
	at org.testng.SuiteRunner.privateRun(SuiteRunner.java:373) [org.testng_7.11.0.r202503091654.jar:7.11.0]
	at org.testng.SuiteRunner.run(SuiteRunner.java:312) [org.testng_7.11.0.r202503091654.jar:7.11.0]
	at org.testng.SuiteRunnerWorker.runSuite(SuiteRunnerWorker.java:52) [org.testng_7.11.0.r202503091654.jar:7.11.0]
	at org.testng.SuiteRunnerWorker.run(SuiteRunnerWorker.java:95) [org.testng_7.11.0.r202503091654.jar:7.11.0]
	at org.testng.TestNG.runSuitesSequentially(TestNG.java:1274) [org.testng_7.11.0.r202503091654.jar:7.11.0]
	at org.testng.TestNG.runSuitesLocally(TestNG.java:1208) [org.testng_7.11.0.r202503091654.jar:7.11.0]
	at org.testng.TestNG.runSuites(TestNG.java:1112) [org.testng_7.11.0.r202503091654.jar:7.11.0]
	at org.testng.TestNG.run(TestNG.java:1079) [org.testng_7.11.0.r202503091654.jar:7.11.0]
	at org.testng.remote.AbstractRemoteTestNG.run(AbstractRemoteTestNG.java:115) [testng-remote.jar:?]
	at org.testng.remote.RemoteTestNG.initAndRun(RemoteTestNG.java:293) [testng-remote.jar:?]
	at org.testng.remote.RemoteTestNG.main(RemoteTestNG.java:91) [testng-remote.jar:?]
[ERROR] 2025-05-13 14:58:54.846 [main] PackageRelationshipCollection - Cannot convert mailto:!@#$% in a valid relationship URI-> dummy-URI used
java.net.URISyntaxException: Malformed escape pair at index 11: mailto:!@#$%
	at java.net.URI$Parser.fail(URI.java:2995) ~[?:?]
	at java.net.URI$Parser.scanEscape(URI.java:3123) ~[?:?]
	at java.net.URI$Parser.scan(URI.java:3146) ~[?:?]
	at java.net.URI$Parser.checkChars(URI.java:3164) ~[?:?]
	at java.net.URI$Parser.parse(URI.java:3210) ~[?:?]
	at java.net.URI.<init>(URI.java:645) ~[?:?]
	at org.apache.poi.openxml4j.opc.PackagingURIHelper.toURI(PackagingURIHelper.java:723) ~[poi-ooxml-5.2.3.jar:5.2.3]
	at org.apache.poi.openxml4j.opc.PackageRelationshipCollection.parseRelationshipsPart(PackageRelationshipCollection.java:358) ~[poi-ooxml-5.2.3.jar:5.2.3]
	at org.apache.poi.openxml4j.opc.PackageRelationshipCollection.<init>(PackageRelationshipCollection.java:160) ~[poi-ooxml-5.2.3.jar:5.2.3]
	at org.apache.poi.openxml4j.opc.PackageRelationshipCollection.<init>(PackageRelationshipCollection.java:130) ~[poi-ooxml-5.2.3.jar:5.2.3]
	at org.apache.poi.openxml4j.opc.PackagePart.loadRelationships(PackagePart.java:565) ~[poi-ooxml-5.2.3.jar:5.2.3]
	at org.apache.poi.openxml4j.opc.OPCPackage.getParts(OPCPackage.java:751) ~[poi-ooxml-5.2.3.jar:5.2.3]
	at org.apache.poi.openxml4j.opc.OPCPackage.open(OPCPackage.java:322) ~[poi-ooxml-5.2.3.jar:5.2.3]
	at org.apache.poi.ooxml.util.PackageHelper.open(PackageHelper.java:59) ~[poi-ooxml-5.2.3.jar:5.2.3]
	at org.apache.poi.xssf.usermodel.XSSFWorkbook.<init>(XSSFWorkbook.java:290) ~[poi-ooxml-5.2.3.jar:5.2.3]
	at org.apache.poi.xssf.usermodel.XSSFWorkbook.<init>(XSSFWorkbook.java:286) ~[poi-ooxml-5.2.3.jar:5.2.3]
	at com.Utility.ExcelReader.getSheet(ExcelReader.java:23) ~[classes/:?]
	at com.Utility.ExcelReader.getdata(ExcelReader.java:29) ~[classes/:?]
	at com.Debenture_Interest_Payment_Transfer.AllScenarios_Debenture_Interest_Payment_Transfer.gettestdate(AllScenarios_Debenture_Interest_Payment_Transfer.java:122) ~[test-classes/:?]
	at jdk.internal.reflect.DirectMethodHandleAccessor.invoke(DirectMethodHandleAccessor.java:103) ~[?:?]
	at java.lang.reflect.Method.invoke(Method.java:580) ~[?:?]
	at org.testng.internal.invokers.MethodInvocationHelper.invokeMethod(MethodInvocationHelper.java:141) ~[org.testng_7.11.0.r202503091654.jar:7.11.0]
	at org.testng.internal.invokers.MethodInvocationHelper.invokeMethod(MethodInvocationHelper.java:86) ~[org.testng_7.11.0.r202503091654.jar:7.11.0]
	at org.testng.internal.invokers.MethodInvocationHelper.invokeMethodNoCheckedException(MethodInvocationHelper.java:54) ~[org.testng_7.11.0.r202503091654.jar:7.11.0]
	at org.testng.internal.invokers.MethodInvocationHelper.invokeDataProvider(MethodInvocationHelper.java:159) ~[org.testng_7.11.0.r202503091654.jar:7.11.0]
	at org.testng.internal.Parameters.handleParameters(Parameters.java:809) ~[org.testng_7.11.0.r202503091654.jar:7.11.0]
	at org.testng.internal.Parameters.handleParameters(Parameters.java:734) ~[org.testng_7.11.0.r202503091654.jar:7.11.0]
	at org.testng.internal.invokers.ParameterHandler.handleParameters(ParameterHandler.java:72) ~[org.testng_7.11.0.r202503091654.jar:7.11.0]
	at org.testng.internal.invokers.ParameterHandler.createParameters(ParameterHandler.java:51) ~[org.testng_7.11.0.r202503091654.jar:7.11.0]
	at org.testng.internal.invokers.TestInvoker$MethodInvocationAgent.invoke(TestInvoker.java:949) ~[org.testng_7.11.0.r202503091654.jar:7.11.0]
	at org.testng.internal.invokers.TestInvoker.invokeTestMethods(TestInvoker.java:203) ~[org.testng_7.11.0.r202503091654.jar:7.11.0]
	at org.testng.internal.invokers.TestMethodWorker.invokeTestMethods(TestMethodWorker.java:154) ~[org.testng_7.11.0.r202503091654.jar:7.11.0]
	at org.testng.internal.invokers.TestMethodWorker.run(TestMethodWorker.java:134) ~[org.testng_7.11.0.r202503091654.jar:7.11.0]
	at java.util.ArrayList.forEach(ArrayList.java:1596) [?:?]
	at org.testng.TestRunner.privateRun(TestRunner.java:741) [org.testng_7.11.0.r202503091654.jar:7.11.0]
	at org.testng.TestRunner.run(TestRunner.java:616) [org.testng_7.11.0.r202503091654.jar:7.11.0]
	at org.testng.SuiteRunner.runTest(SuiteRunner.java:421) [org.testng_7.11.0.r202503091654.jar:7.11.0]
	at org.testng.SuiteRunner.runSequentially(SuiteRunner.java:413) [org.testng_7.11.0.r202503091654.jar:7.11.0]
	at org.testng.SuiteRunner.privateRun(SuiteRunner.java:373) [org.testng_7.11.0.r202503091654.jar:7.11.0]
	at org.testng.SuiteRunner.run(SuiteRunner.java:312) [org.testng_7.11.0.r202503091654.jar:7.11.0]
	at org.testng.SuiteRunnerWorker.runSuite(SuiteRunnerWorker.java:52) [org.testng_7.11.0.r202503091654.jar:7.11.0]
	at org.testng.SuiteRunnerWorker.run(SuiteRunnerWorker.java:95) [org.testng_7.11.0.r202503091654.jar:7.11.0]
	at org.testng.TestNG.runSuitesSequentially(TestNG.java:1274) [org.testng_7.11.0.r202503091654.jar:7.11.0]
	at org.testng.TestNG.runSuitesLocally(TestNG.java:1208) [org.testng_7.11.0.r202503091654.jar:7.11.0]
	at org.testng.TestNG.runSuites(TestNG.java:1112) [org.testng_7.11.0.r202503091654.jar:7.11.0]
	at org.testng.TestNG.run(TestNG.java:1079) [org.testng_7.11.0.r202503091654.jar:7.11.0]
	at org.testng.remote.AbstractRemoteTestNG.run(AbstractRemoteTestNG.java:115) [testng-remote.jar:?]
	at org.testng.remote.RemoteTestNG.initAndRun(RemoteTestNG.java:293) [testng-remote.jar:?]
	at org.testng.remote.RemoteTestNG.main(RemoteTestNG.java:91) [testng-remote.jar:?]
[ERROR] 2025-05-13 14:58:54.849 [main] PackageRelationshipCollection - Cannot convert mailto:!@#$%^ in a valid relationship URI-> dummy-URI used
java.net.URISyntaxException: Malformed escape pair at index 11: mailto:!@#$%^
	at java.net.URI$Parser.fail(URI.java:2995) ~[?:?]
	at java.net.URI$Parser.scanEscape(URI.java:3123) ~[?:?]
	at java.net.URI$Parser.scan(URI.java:3146) ~[?:?]
	at java.net.URI$Parser.checkChars(URI.java:3164) ~[?:?]
	at java.net.URI$Parser.parse(URI.java:3210) ~[?:?]
	at java.net.URI.<init>(URI.java:645) ~[?:?]
	at org.apache.poi.openxml4j.opc.PackagingURIHelper.toURI(PackagingURIHelper.java:723) ~[poi-ooxml-5.2.3.jar:5.2.3]
	at org.apache.poi.openxml4j.opc.PackageRelationshipCollection.parseRelationshipsPart(PackageRelationshipCollection.java:358) ~[poi-ooxml-5.2.3.jar:5.2.3]
	at org.apache.poi.openxml4j.opc.PackageRelationshipCollection.<init>(PackageRelationshipCollection.java:160) ~[poi-ooxml-5.2.3.jar:5.2.3]
	at org.apache.poi.openxml4j.opc.PackageRelationshipCollection.<init>(PackageRelationshipCollection.java:130) ~[poi-ooxml-5.2.3.jar:5.2.3]
	at org.apache.poi.openxml4j.opc.PackagePart.loadRelationships(PackagePart.java:565) ~[poi-ooxml-5.2.3.jar:5.2.3]
	at org.apache.poi.openxml4j.opc.OPCPackage.getParts(OPCPackage.java:751) ~[poi-ooxml-5.2.3.jar:5.2.3]
	at org.apache.poi.openxml4j.opc.OPCPackage.open(OPCPackage.java:322) ~[poi-ooxml-5.2.3.jar:5.2.3]
	at org.apache.poi.ooxml.util.PackageHelper.open(PackageHelper.java:59) ~[poi-ooxml-5.2.3.jar:5.2.3]
	at org.apache.poi.xssf.usermodel.XSSFWorkbook.<init>(XSSFWorkbook.java:290) ~[poi-ooxml-5.2.3.jar:5.2.3]
	at org.apache.poi.xssf.usermodel.XSSFWorkbook.<init>(XSSFWorkbook.java:286) ~[poi-ooxml-5.2.3.jar:5.2.3]
	at com.Utility.ExcelReader.getSheet(ExcelReader.java:23) ~[classes/:?]
	at com.Utility.ExcelReader.getdata(ExcelReader.java:29) ~[classes/:?]
	at com.Debenture_Interest_Payment_Transfer.AllScenarios_Debenture_Interest_Payment_Transfer.gettestdate(AllScenarios_Debenture_Interest_Payment_Transfer.java:122) ~[test-classes/:?]
	at jdk.internal.reflect.DirectMethodHandleAccessor.invoke(DirectMethodHandleAccessor.java:103) ~[?:?]
	at java.lang.reflect.Method.invoke(Method.java:580) ~[?:?]
	at org.testng.internal.invokers.MethodInvocationHelper.invokeMethod(MethodInvocationHelper.java:141) ~[org.testng_7.11.0.r202503091654.jar:7.11.0]
	at org.testng.internal.invokers.MethodInvocationHelper.invokeMethod(MethodInvocationHelper.java:86) ~[org.testng_7.11.0.r202503091654.jar:7.11.0]
	at org.testng.internal.invokers.MethodInvocationHelper.invokeMethodNoCheckedException(MethodInvocationHelper.java:54) ~[org.testng_7.11.0.r202503091654.jar:7.11.0]
	at org.testng.internal.invokers.MethodInvocationHelper.invokeDataProvider(MethodInvocationHelper.java:159) ~[org.testng_7.11.0.r202503091654.jar:7.11.0]
	at org.testng.internal.Parameters.handleParameters(Parameters.java:809) ~[org.testng_7.11.0.r202503091654.jar:7.11.0]
	at org.testng.internal.Parameters.handleParameters(Parameters.java:734) ~[org.testng_7.11.0.r202503091654.jar:7.11.0]
	at org.testng.internal.invokers.ParameterHandler.handleParameters(ParameterHandler.java:72) ~[org.testng_7.11.0.r202503091654.jar:7.11.0]
	at org.testng.internal.invokers.ParameterHandler.createParameters(ParameterHandler.java:51) ~[org.testng_7.11.0.r202503091654.jar:7.11.0]
	at org.testng.internal.invokers.TestInvoker$MethodInvocationAgent.invoke(TestInvoker.java:949) ~[org.testng_7.11.0.r202503091654.jar:7.11.0]
	at org.testng.internal.invokers.TestInvoker.invokeTestMethods(TestInvoker.java:203) ~[org.testng_7.11.0.r202503091654.jar:7.11.0]
	at org.testng.internal.invokers.TestMethodWorker.invokeTestMethods(TestMethodWorker.java:154) ~[org.testng_7.11.0.r202503091654.jar:7.11.0]
	at org.testng.internal.invokers.TestMethodWorker.run(TestMethodWorker.java:134) ~[org.testng_7.11.0.r202503091654.jar:7.11.0]
	at java.util.ArrayList.forEach(ArrayList.java:1596) [?:?]
	at org.testng.TestRunner.privateRun(TestRunner.java:741) [org.testng_7.11.0.r202503091654.jar:7.11.0]
	at org.testng.TestRunner.run(TestRunner.java:616) [org.testng_7.11.0.r202503091654.jar:7.11.0]
	at org.testng.SuiteRunner.runTest(SuiteRunner.java:421) [org.testng_7.11.0.r202503091654.jar:7.11.0]
	at org.testng.SuiteRunner.runSequentially(SuiteRunner.java:413) [org.testng_7.11.0.r202503091654.jar:7.11.0]
	at org.testng.SuiteRunner.privateRun(SuiteRunner.java:373) [org.testng_7.11.0.r202503091654.jar:7.11.0]
	at org.testng.SuiteRunner.run(SuiteRunner.java:312) [org.testng_7.11.0.r202503091654.jar:7.11.0]
	at org.testng.SuiteRunnerWorker.runSuite(SuiteRunnerWorker.java:52) [org.testng_7.11.0.r202503091654.jar:7.11.0]
	at org.testng.SuiteRunnerWorker.run(SuiteRunnerWorker.java:95) [org.testng_7.11.0.r202503091654.jar:7.11.0]
	at org.testng.TestNG.runSuitesSequentially(TestNG.java:1274) [org.testng_7.11.0.r202503091654.jar:7.11.0]
	at org.testng.TestNG.runSuitesLocally(TestNG.java:1208) [org.testng_7.11.0.r202503091654.jar:7.11.0]
	at org.testng.TestNG.runSuites(TestNG.java:1112) [org.testng_7.11.0.r202503091654.jar:7.11.0]
	at org.testng.TestNG.run(TestNG.java:1079) [org.testng_7.11.0.r202503091654.jar:7.11.0]
	at org.testng.remote.AbstractRemoteTestNG.run(AbstractRemoteTestNG.java:115) [testng-remote.jar:?]
	at org.testng.remote.RemoteTestNG.initAndRun(RemoteTestNG.java:293) [testng-remote.jar:?]
	at org.testng.remote.RemoteTestNG.main(RemoteTestNG.java:91) [testng-remote.jar:?]
[ERROR] 2025-05-13 14:58:54.877 [main] PackageRelationshipCollection - Cannot convert mailto:!@#$%!!! in a valid relationship URI-> dummy-URI used
java.net.URISyntaxException: Malformed escape pair at index 11: mailto:!@#$%!!!
	at java.net.URI$Parser.fail(URI.java:2995) ~[?:?]
	at java.net.URI$Parser.scanEscape(URI.java:3123) ~[?:?]
	at java.net.URI$Parser.scan(URI.java:3146) ~[?:?]
	at java.net.URI$Parser.checkChars(URI.java:3164) ~[?:?]
	at java.net.URI$Parser.parse(URI.java:3210) ~[?:?]
	at java.net.URI.<init>(URI.java:645) ~[?:?]
	at org.apache.poi.openxml4j.opc.PackagingURIHelper.toURI(PackagingURIHelper.java:723) ~[poi-ooxml-5.2.3.jar:5.2.3]
	at org.apache.poi.openxml4j.opc.PackageRelationshipCollection.parseRelationshipsPart(PackageRelationshipCollection.java:358) ~[poi-ooxml-5.2.3.jar:5.2.3]
	at org.apache.poi.openxml4j.opc.PackageRelationshipCollection.<init>(PackageRelationshipCollection.java:160) ~[poi-ooxml-5.2.3.jar:5.2.3]
	at org.apache.poi.openxml4j.opc.PackageRelationshipCollection.<init>(PackageRelationshipCollection.java:130) ~[poi-ooxml-5.2.3.jar:5.2.3]
	at org.apache.poi.openxml4j.opc.PackagePart.loadRelationships(PackagePart.java:565) ~[poi-ooxml-5.2.3.jar:5.2.3]
	at org.apache.poi.openxml4j.opc.OPCPackage.getParts(OPCPackage.java:751) ~[poi-ooxml-5.2.3.jar:5.2.3]
	at org.apache.poi.openxml4j.opc.OPCPackage.open(OPCPackage.java:322) ~[poi-ooxml-5.2.3.jar:5.2.3]
	at org.apache.poi.ooxml.util.PackageHelper.open(PackageHelper.java:59) ~[poi-ooxml-5.2.3.jar:5.2.3]
	at org.apache.poi.xssf.usermodel.XSSFWorkbook.<init>(XSSFWorkbook.java:290) ~[poi-ooxml-5.2.3.jar:5.2.3]
	at org.apache.poi.xssf.usermodel.XSSFWorkbook.<init>(XSSFWorkbook.java:286) ~[poi-ooxml-5.2.3.jar:5.2.3]
	at com.Utility.ExcelReader.getSheet(ExcelReader.java:23) ~[classes/:?]
	at com.Utility.ExcelReader.getdata(ExcelReader.java:29) ~[classes/:?]
	at com.Debenture_Interest_Payment_Transfer.AllScenarios_Debenture_Interest_Payment_Transfer.gettestdate(AllScenarios_Debenture_Interest_Payment_Transfer.java:122) ~[test-classes/:?]
	at jdk.internal.reflect.DirectMethodHandleAccessor.invoke(DirectMethodHandleAccessor.java:103) ~[?:?]
	at java.lang.reflect.Method.invoke(Method.java:580) ~[?:?]
	at org.testng.internal.invokers.MethodInvocationHelper.invokeMethod(MethodInvocationHelper.java:141) ~[org.testng_7.11.0.r202503091654.jar:7.11.0]
	at org.testng.internal.invokers.MethodInvocationHelper.invokeMethod(MethodInvocationHelper.java:86) ~[org.testng_7.11.0.r202503091654.jar:7.11.0]
	at org.testng.internal.invokers.MethodInvocationHelper.invokeMethodNoCheckedException(MethodInvocationHelper.java:54) ~[org.testng_7.11.0.r202503091654.jar:7.11.0]
	at org.testng.internal.invokers.MethodInvocationHelper.invokeDataProvider(MethodInvocationHelper.java:159) ~[org.testng_7.11.0.r202503091654.jar:7.11.0]
	at org.testng.internal.Parameters.handleParameters(Parameters.java:809) ~[org.testng_7.11.0.r202503091654.jar:7.11.0]
	at org.testng.internal.Parameters.handleParameters(Parameters.java:734) ~[org.testng_7.11.0.r202503091654.jar:7.11.0]
	at org.testng.internal.invokers.ParameterHandler.handleParameters(ParameterHandler.java:72) ~[org.testng_7.11.0.r202503091654.jar:7.11.0]
	at org.testng.internal.invokers.ParameterHandler.createParameters(ParameterHandler.java:51) ~[org.testng_7.11.0.r202503091654.jar:7.11.0]
	at org.testng.internal.invokers.TestInvoker$MethodInvocationAgent.invoke(TestInvoker.java:949) ~[org.testng_7.11.0.r202503091654.jar:7.11.0]
	at org.testng.internal.invokers.TestInvoker.invokeTestMethods(TestInvoker.java:203) ~[org.testng_7.11.0.r202503091654.jar:7.11.0]
	at org.testng.internal.invokers.TestMethodWorker.invokeTestMethods(TestMethodWorker.java:154) ~[org.testng_7.11.0.r202503091654.jar:7.11.0]
	at org.testng.internal.invokers.TestMethodWorker.run(TestMethodWorker.java:134) ~[org.testng_7.11.0.r202503091654.jar:7.11.0]
	at java.util.ArrayList.forEach(ArrayList.java:1596) [?:?]
	at org.testng.TestRunner.privateRun(TestRunner.java:741) [org.testng_7.11.0.r202503091654.jar:7.11.0]
	at org.testng.TestRunner.run(TestRunner.java:616) [org.testng_7.11.0.r202503091654.jar:7.11.0]
	at org.testng.SuiteRunner.runTest(SuiteRunner.java:421) [org.testng_7.11.0.r202503091654.jar:7.11.0]
	at org.testng.SuiteRunner.runSequentially(SuiteRunner.java:413) [org.testng_7.11.0.r202503091654.jar:7.11.0]
	at org.testng.SuiteRunner.privateRun(SuiteRunner.java:373) [org.testng_7.11.0.r202503091654.jar:7.11.0]
	at org.testng.SuiteRunner.run(SuiteRunner.java:312) [org.testng_7.11.0.r202503091654.jar:7.11.0]
	at org.testng.SuiteRunnerWorker.runSuite(SuiteRunnerWorker.java:52) [org.testng_7.11.0.r202503091654.jar:7.11.0]
	at org.testng.SuiteRunnerWorker.run(SuiteRunnerWorker.java:95) [org.testng_7.11.0.r202503091654.jar:7.11.0]
	at org.testng.TestNG.runSuitesSequentially(TestNG.java:1274) [org.testng_7.11.0.r202503091654.jar:7.11.0]
	at org.testng.TestNG.runSuitesLocally(TestNG.java:1208) [org.testng_7.11.0.r202503091654.jar:7.11.0]
	at org.testng.TestNG.runSuites(TestNG.java:1112) [org.testng_7.11.0.r202503091654.jar:7.11.0]
	at org.testng.TestNG.run(TestNG.java:1079) [org.testng_7.11.0.r202503091654.jar:7.11.0]
	at org.testng.remote.AbstractRemoteTestNG.run(AbstractRemoteTestNG.java:115) [testng-remote.jar:?]
	at org.testng.remote.RemoteTestNG.initAndRun(RemoteTestNG.java:293) [testng-remote.jar:?]
	at org.testng.remote.RemoteTestNG.main(RemoteTestNG.java:91) [testng-remote.jar:?]
[INFO ] 2025-05-13 14:58:56.451 [main] Log -  Running test method Debenture_Interest_Payment_Transfer...
[INFO ] 2025-05-13 14:59:03.378 [main] Log - Driver has initialized successfully for firefoxbrowser
[INFO ] 2025-05-13 14:59:04.964 [main] Log - Title is displayed : BeaconPro - Login
[INFO ] 2025-05-13 14:59:07.702 [main] Log - PC Registration
[INFO ] 2025-05-13 14:59:08.778 [main] Log - Step:01 - Enter User Name in Name field.
[INFO ] 2025-05-13 14:59:09.830 [main] Log - Step:03 - Enter PC Name in Name field.
[INFO ] 2025-05-13 14:59:18.554 [main] Log - Step:03 - Select a Branch Name from the Dropdown.
[INFO ] 2025-05-13 14:59:22.821 [main] Log - Step:04 - Click on Submit Button.
[INFO ] 2025-05-13 14:59:24.937 [main] Log - Expected Result: PC Registered Successfully!
[INFO ] 2025-05-13 14:59:25.045 [main] Log - Valid Login
[INFO ] 2025-05-13 14:59:31.098 [main] Log - Step:01 - Enetered valid User Name
[INFO ] 2025-05-13 14:59:32.159 [main] Log - Step:02 - Enetered valid Password
[INFO ] 2025-05-13 14:59:41.609 [main] Log - Step:03 - Click on Login Button
[INFO ] 2025-05-13 14:59:42.666 [main] Log - Expected Result: User is logged in successfully and dashboard visible
[INFO ] 2025-05-13 14:59:42.784 [main] Log - Navigate to Debenture interest payment
[INFO ] 2025-05-13 14:59:58.084 [main] Log - Step:01 - Navigate to Debenture Debenture Interest Payment.
[INFO ] 2025-05-13 14:59:58.085 [main] Log - Loaded Debenture Interest payment
[INFO ] 2025-05-13 14:59:58.085 [main] Log - Verify Dropdown for Debenture Type
[INFO ] 2025-05-13 15:00:00.402 [main] Log - Step:01 -Select 'Debenture Type options from the dropdown.
[INFO ] 2025-05-13 15:00:00.404 [main] Log - appropriate values load according to selection.
[INFO ] 2025-05-13 15:00:00.404 [main] Log - Verify Dropdown for Debenture Issue
[INFO ] 2025-05-13 15:00:02.720 [main] Log - Step:01 -Select ' Issue Type' options from the dropdown..
[INFO ] 2025-05-13 15:00:02.720 [main] Log - appropriate values load according to selection.
[INFO ] 2025-05-13 15:00:02.720 [main] Log - Verify Dropdown for Debenture Series
[INFO ] 2025-05-13 15:00:05.008 [main] Log - Step:01 -Select 'Debenture series options from the dropdown.
[INFO ] 2025-05-13 15:00:05.009 [main] Log - appropriate values load according to selection.
[INFO ] 2025-05-13 15:00:05.009 [main] Log - Enter  Account Number
[INFO ] 2025-05-13 15:00:06.433 [main] Log - Step:01 - Enter a valid fixed deposit account number in the 'Account No' field. 
[INFO ] 2025-05-13 15:00:06.434 [main] Log - Expected Result:Account number is accepted. 
[INFO ] 2025-05-13 15:00:06.499 [main] Log - Step:01 -Enter a valid account number in the 'Ac No' field..
[INFO ] 2025-05-13 15:00:10.769 [main] Log - Step:02 -Press Enter or click Go button.
[INFO ] 2025-05-13 15:00:10.769 [main] Log - System proceeds to the interest payment window of the account with entered Ac No..
[INFO ] 2025-05-13 15:00:10.769 [main] Log - Debenture duration
[INFO ] 2025-05-13 15:00:16.106 [main] Log - Step:01 -Enter a valid duration value into the 'duration' field. then click tab.
[INFO ] 2025-05-13 15:00:16.106 [main] Log - Accepted when within duration constraints otherwise error message is shown.
[INFO ] 2025-05-13 15:00:16.106 [main] Log - Debit Transaction Posted
[INFO ] 2025-05-13 15:00:30.087 [main] Log - Step: 1 -Click on the POST DEBIT button.
[INFO ] 2025-05-13 15:00:30.089 [main] Log - Expected Result:Auto posting popup window will be display .
[INFO ] 2025-05-13 15:00:30.145 [main] Log - Searched for Account Number
[INFO ] 2025-05-13 15:00:32.763 [main] Log - Step:02 -Select a product group.
[INFO ] 2025-05-13 15:00:35.034 [main] Log - Step:02 -Select a product name.
[INFO ] 2025-05-13 15:00:35.034 [main] Log - Expected Result:Possible to select the product group and product name 
[INFO ] 2025-05-13 15:00:35.095 [main] Log - Account Number Selected
[INFO ] 2025-05-13 15:02:37.179 [main] Log - Exception org.openqa.selenium.TimeoutException: Expected condition failed: waiting for element to be clickable: By.xpath: //*[@id="ddlBranch"] (tried for 30 second(s) with 500 milliseconds interval)
